<?xml version="1.0" encoding="UTF-8"?>
<!-- Generated by org.testng.reporters.JUnitReportReporter -->
<testsuite hostname="Look-ahead" failures="0" tests="1" name="testcases.ExampleTest" time="14.798" errors="0" timestamp="07 Aug 2019 20:47:58 GMT" skipped="0">
  <testcase classname="testcases.ExampleTest" name="exampleTest" time="14.798"/>
</testsuite> <!-- testcases.ExampleTest -->
