<?xml version="1.0" encoding="UTF-8"?>
<!-- Generated by org.testng.reporters.JUnitReportReporter -->
<testsuite hostname="Look-ahead" failures="0" tests="1" name="com.nopCommerce.testcases.TC_AddNewCustomerTest" time="13.818" errors="0" timestamp="12 Aug 2019 11:00:38 GMT" skipped="0">
  <testcase classname="com.nopCommerce.testcases.TC_AddNewCustomerTest" name="addNewCustomerTest" time="13.818"/>
</testsuite> <!-- com.nopCommerce.testcases.TC_AddNewCustomerTest -->
