<?xml version="1.0" encoding="UTF-8"?>
<!-- Generated by org.testng.reporters.JUnitReportReporter -->
<testsuite hostname="Look-ahead" failures="0" tests="1" name="com.nopCommerce.testcases.TC_LoginTest1" time="5.255" errors="0" timestamp="12 Aug 2019 11:00:38 GMT" skipped="0">
  <testcase classname="com.nopCommerce.testcases.TC_LoginTest1" name="LoginTest" time="5.255"/>
</testsuite> <!-- com.nopCommerce.testcases.TC_LoginTest1 -->
