<?xml version="1.0" encoding="UTF-8"?>
<!-- Generated by org.testng.reporters.JUnitReportReporter -->
<testsuite hostname="Look-ahead" failures="0" tests="1" name="com.nopCommerce.testcases.TC_LoginTestDDT" time="14.171" errors="0" timestamp="12 Aug 2019 17:11:24 GMT" skipped="0">
  <testcase classname="com.nopCommerce.testcases.TC_LoginTestDDT" name="logInTest" time="14.171"/>
</testsuite> <!-- com.nopCommerce.testcases.TC_LoginTestDDT -->
